{"D:\\Project\\k8s\\express-ts\\src\\services\\calculateService.ts": {"path":"D:\\Project\\k8s\\express-ts\\src\\services\\calculateService.ts","statementMap":{"0":{"start":{"line":1,"column":25},"end":{"line":5,"column":null}},"1":{"start":{"line":3,"column":8},"end":{"line":3,"column":21}},"2":{"start":{"line":7,"column":0},"end":{"line":7,"column":32}}},"fnMap":{"0":{"name":"(anonymous_0)","decl":{"start":{"line":2,"column":9},"end":{"line":2,"column":10}},"loc":{"start":{"line":2,"column":42},"end":{"line":4,"column":5}}}},"branchMap":{},"s":{"0":1,"1":1,"2":1},"f":{"0":1},"b":{}}
}
